<!DOCTYPE html PUBLIC "-//W3C//DTD XHTML 1.1//EN" "https://www.w3.org/TR/xhtml11/DTD/xhtml11.dtd">
<html xmlns="https://www.w3.org/1999/xhtml">
<head>
<meta charset='utf-8'>
<title>TestNG Report</title>
<style type="text/css">
table {margin-bottom:10px;border-collapse:collapse;empty-cells:show}
td,th {border:1px solid #009;padding:.25em .5em}
.result th {vertical-align:bottom}
.param th {padding-left:1em;padding-right:1em}
.param td {padding-left:.5em;padding-right:2em}
.stripe td,.stripe th {background-color: #E6EBF9}
.numi,.numi_attn {text-align:right}
.total td {font-weight:bold}
.passedodd td {background-color: #0A0}
.passedeven td {background-color: #3F3}
.skippedodd td {background-color: #CCC}
.skippedodd td {background-color: #DDD}
.failedodd td,.numi_attn {background-color: #F33}
.failedeven td,.stripe .numi_attn {background-color: #D00}
.stacktrace {white-space:pre;font-family:monospace}
.totop {font-size:85%;text-align:center;border-bottom:2px solid #000}
</style>
</head>
<body>
<table cellspacing="0" cellpadding="0" class="testOverview">
<tr><th>Test</th><th>Methods<br/>Passed</th><th>Scenarios<br/>Passed</th><th># skipped</th><th># failed</th><th>Total<br/>Time</th><th>Included<br/>Groups</th><th>Excluded<br/>Groups</th></tr>
<tr><td style="text-align:left;padding-right:2em"><a href="#t1">Orangehrm Tests</a></td><td class="numi">4</td><td class="numi">4</td><td class="numi">0</td><td class="numi_attn">2</td><td class="numi">39.1 seconds</td><td class="numi"></td><td class="numi"></td></tr>
<tr class="stripe"><td style="text-align:left;padding-right:2em"><a href="#t2">Select Class Tests</a></td><td class="numi">2</td><td class="numi">2</td><td class="numi">0</td><td class="numi">0</td><td class="numi">13.2 seconds</td><td class="numi"></td><td class="numi"></td></tr>
<tr class="total"><td>Total</td>
<td class="numi">6</td><td class="numi">6</td><td class="numi">0</td><td class="numi_attn">2</td><td class="numi">52.4 seconds</td><td colspan="2">&nbsp;</td></tr>
</table>
<table cellspacing="0" cellpadding="0" class="methodOverview" id="summary">
<tr><th>Class</th><th>Method</th><th># of<br/>Scenarios</th><th>Start</th><th>Time<br/>(ms)</th></tr>
<tr id="t1"><th colspan="5">Orangehrm Tests &#8212; failed</th></tr>
<tr class="failedodd"><td>com.test.orangehrm.tests.PimTest</td><td><a href="#m1"><b>ValidatePersonalDetailElements</b>  </a></td><td class="numi">1</td><td>1646021765528</td><td class="numi">3210</td></tr>
<tr class="failedeven"><td>com.test.orangehrm.tests.AdminTest</td><td><a href="#m2"><b>validateTheCreationOfEmployeeMessage</b>  </a></td><td class="numi">1</td><td>1646021756863</td><td class="numi">5696</td></tr>
<tr><th colspan="5">Orangehrm Tests &#8212; passed</th></tr>
<tr class="passedodd"><td rowspan="2">com.test.orangehrm.tests.LoginTest</td><td><a href="#m3"><b>validateLoginNegative1</b>  </a></td><td class="numi">1</td><td>1646021744155</td><td class="numi">1285</td></tr><tr class="passedodd"><td><a href="#m4"><b>validateLoginPositive</b>  </a></td><td class="numi">1</td><td>1646021751991</td><td class="numi">1769</td></tr>
<tr class="passedeven"><td>com.test.orangehrm.tests.PimTest</td><td><a href="#m5"><b>ValidateTheCreationOfEmployee</b>  </a></td><td class="numi">1</td><td>1646021771945</td><td class="numi">7336</td></tr>
<tr class="passedodd"><td>com.test.orangehrm.tests.LoginTest</td><td><a href="#m6"><b>validateLoginNegative2</b>  </a></td><td class="numi">1</td><td>1646021748388</td><td class="numi">196</td></tr>
<tr id="t2"><th colspan="5">Select Class Tests &#8212; passed</th></tr>
<tr class="passedodd"><td>SelectClass.DreamCars</td><td><a href="#m7"><b>BMW</b>  </a></td><td class="numi">1</td><td>1646021779902</td><td class="numi">8211</td></tr>
<tr class="passedeven"><td>SelectClass.SelectBasics</td><td><a href="#m8"><b>practice1</b>  </a></td><td class="numi">1</td><td>1646021788114</td><td class="numi">5028</td></tr>
</table>
<h1>Orangehrm Tests</h1>
<h2 id="m1">com.test.orangehrm.tests.PimTest:ValidatePersonalDetailElements</h2>
<div>
<div class="stacktrace">org.openqa.selenium.NoSuchElementException: no such element: Unable to locate element: {&quot;method&quot;:&quot;css selector&quot;,&quot;selector&quot;:&quot;#firstName&quot;}
  (Session info: chrome=98.0.4758.102)
For documentation on this error, please visit: https://selenium.dev/exceptions/#no_such_element
Build info: version: &apos;4.0.0&apos;, revision: &apos;3a21814679&apos;
System info: host: &apos;LAPTOP-QDK44L0U&apos;, ip: &apos;192.168.0.20&apos;, os.name: &apos;Windows 10&apos;, os.arch: &apos;amd64&apos;, os.version: &apos;10.0&apos;, java.version: &apos;1.8.0_221&apos;
Driver info: org.openqa.selenium.chrome.ChromeDriver
Command: [fe215aaa65981f0e7d9407f50923e25e, findElement {using=id, value=firstName}]
Capabilities {acceptInsecureCerts: false, browserName: chrome, browserVersion: 98.0.4758.102, chrome: {chromedriverVersion: 98.0.4758.102 (273bf7ac8c90..., userDataDir: C:\Users\alena\AppData\Loca...}, goog:chromeOptions: {debuggerAddress: localhost:49355}, javascriptEnabled: true, networkConnectionEnabled: false, pageLoadStrategy: normal, platform: WINDOWS, platformName: WINDOWS, proxy: Proxy(), se:cdp: ws://localhost:49355/devtoo..., se:cdpVersion: 98.0.4758.102, setWindowRect: true, strictFileInteractability: false, timeouts: {implicit: 0, pageLoad: 300000, script: 30000}, unhandledPromptBehavior: dismiss and notify, webauthn:extension:credBlob: true, webauthn:extension:largeBlob: true, webauthn:virtualAuthenticators: true}
Session ID: fe215aaa65981f0e7d9407f50923e25e
	at org.openqa.selenium.remote.codec.w3c.W3CHttpResponseCodec.createException(W3CHttpResponseCodec.java:200)
	at org.openqa.selenium.remote.codec.w3c.W3CHttpResponseCodec.decode(W3CHttpResponseCodec.java:133)
	at org.openqa.selenium.remote.codec.w3c.W3CHttpResponseCodec.decode(W3CHttpResponseCodec.java:53)
	at org.openqa.selenium.remote.HttpCommandExecutor.execute(HttpCommandExecutor.java:184)
	at org.openqa.selenium.remote.service.DriverCommandExecutor.invokeExecute(DriverCommandExecutor.java:164)
	at org.openqa.selenium.remote.service.DriverCommandExecutor.execute(DriverCommandExecutor.java:139)
	at org.openqa.selenium.remote.RemoteWebDriver.execute(RemoteWebDriver.java:559)
	at org.openqa.selenium.remote.ElementLocation$ElementFinder$2.findElement(ElementLocation.java:162)
	at org.openqa.selenium.remote.ElementLocation.findElement(ElementLocation.java:60)
	at org.openqa.selenium.remote.RemoteWebDriver.findElement(RemoteWebDriver.java:383)
	at org.openqa.selenium.remote.RemoteWebDriver.findElement(RemoteWebDriver.java:375)
	at org.openqa.selenium.support.pagefactory.DefaultElementLocator.findElement(DefaultElementLocator.java:70)
	at org.openqa.selenium.support.pagefactory.internal.LocatingElementHandler.invoke(LocatingElementHandler.java:39)
	at com.sun.proxy.$Proxy13.sendKeys(Unknown Source)
	at com.test.orangehrm.pages.PimPage.addEmployeeForPIM(PimPage.java:68)
	at com.test.orangehrm.tests.PimTest.ValidatePersonalDetailElements(PimTest.java:46)
	at java.util.ArrayList.forEach(ArrayList.java:1257)
	at com.intellij.rt.testng.IDEARemoteTestNG.run(IDEARemoteTestNG.java:66)
	at com.intellij.rt.testng.RemoteTestNGStarter.main(RemoteTestNGStarter.java:109)
... Removed 28 stack frames</div>
</div>
<p class="totop"><a href="#summary">back to summary</a></p>
<h2 id="m2">com.test.orangehrm.tests.AdminTest:validateTheCreationOfEmployeeMessage</h2>
<div>
<div class="stacktrace">java.lang.AssertionError: expected [true] but found [false]
	at com.test.orangehrm.tests.AdminTest.validateTheCreationOfEmployeeMessage(AdminTest.java:24)
	at java.util.ArrayList.forEach(ArrayList.java:1257)
	at com.intellij.rt.testng.IDEARemoteTestNG.run(IDEARemoteTestNG.java:66)
	at com.intellij.rt.testng.RemoteTestNGStarter.main(RemoteTestNGStarter.java:109)
... Removed 28 stack frames</div>
</div>
<p class="totop"><a href="#summary">back to summary</a></p>
<h2 id="m3">com.test.orangehrm.tests.LoginTest:validateLoginNegative1</h2>
<p class="totop"><a href="#summary">back to summary</a></p>
<h2 id="m4">com.test.orangehrm.tests.LoginTest:validateLoginNegative2</h2>
<p class="totop"><a href="#summary">back to summary</a></p>
<h2 id="m5">com.test.orangehrm.tests.LoginTest:validateLoginPositive</h2>
<p class="totop"><a href="#summary">back to summary</a></p>
<h2 id="m6">com.test.orangehrm.tests.PimTest:ValidateTheCreationOfEmployee</h2>
<p class="totop"><a href="#summary">back to summary</a></p>
<h1>Select Class Tests</h1>
<h2 id="m7">SelectClass.DreamCars:BMW</h2>
<p class="totop"><a href="#summary">back to summary</a></p>
<h2 id="m8">SelectClass.SelectBasics:practice1</h2>
<p class="totop"><a href="#summary">back to summary</a></p>
</body></html>
